C:\Program Files\Microsoft Visual Studio\2022\Community\MSBuild\Microsoft\VC\v170\Microsoft.CppBuild.targets(517,5): warning MSB8004: Output Directory does not end with a trailing slash.  This build instance will add the slash as it is required to allow proper evaluation of the Output Directory.
C:\Program Files\Microsoft Visual Studio\2022\Community\MSBuild\Microsoft\VC\v170\Microsoft.CppBuild.targets(531,5): warning MSB8028: The intermediate directory (x64\Debug\) contains files shared from another project (NetSim_Server.vcxproj).  This can lead to incorrect clean and rebuild behavior.
  Waiting_Struct_Listener_v2.c
C:\Users\rpamn\Documents\NetSim\Workspaces\Power_Control_workspace_31stJuly\src\Simulation\NetSim_Python_Interfacing\Waiting_Struct_Listener_v2.c(56,20): warning C4244: '=': conversion from 'uint64_t' to 'unsigned char', possible loss of data
C:\Users\rpamn\Documents\NetSim\Workspaces\Power_Control_workspace_31stJuly\src\Simulation\NetSim_Python_Interfacing\Waiting_Struct_Listener_v2.c(57,20): warning C4244: '=': conversion from 'uint64_t' to 'unsigned char', possible loss of data
C:\Users\rpamn\Documents\NetSim\Workspaces\Power_Control_workspace_31stJuly\src\Simulation\NetSim_Python_Interfacing\Waiting_Struct_Listener_v2.c(58,20): warning C4244: '=': conversion from 'uint64_t' to 'unsigned char', possible loss of data
C:\Users\rpamn\Documents\NetSim\Workspaces\Power_Control_workspace_31stJuly\src\Simulation\NetSim_Python_Interfacing\Waiting_Struct_Listener_v2.c(59,20): warning C4244: '=': conversion from 'uint64_t' to 'unsigned char', possible loss of data
C:\Users\rpamn\Documents\NetSim\Workspaces\Power_Control_workspace_31stJuly\src\Simulation\NetSim_Python_Interfacing\Waiting_Struct_Listener_v2.c(60,20): warning C4244: '=': conversion from 'uint64_t' to 'unsigned char', possible loss of data
C:\Users\rpamn\Documents\NetSim\Workspaces\Power_Control_workspace_31stJuly\src\Simulation\NetSim_Python_Interfacing\Waiting_Struct_Listener_v2.c(61,20): warning C4244: '=': conversion from 'uint64_t' to 'unsigned char', possible loss of data
C:\Users\rpamn\Documents\NetSim\Workspaces\Power_Control_workspace_31stJuly\src\Simulation\NetSim_Python_Interfacing\Waiting_Struct_Listener_v2.c(62,14): warning C4244: '=': conversion from 'uint64_t' to 'unsigned char', possible loss of data
C:\Users\rpamn\Documents\NetSim\Workspaces\Power_Control_workspace_31stJuly\src\Simulation\NetSim_Python_Interfacing\Waiting_Struct_Listener_v2.c(201,3): warning C4033: 'read_DeviceCount' must return a value
C:\Users\rpamn\Documents\NetSim\Workspaces\Power_Control_workspace_31stJuly\src\Simulation\NetSim_Python_Interfacing\Waiting_Struct_Listener_v2.c(261,7): warning C4101: 'recvbuf': unreferenced local variable
C:\Users\rpamn\Documents\NetSim\Workspaces\Power_Control_workspace_31stJuly\src\Simulation\NetSim_Python_Interfacing\Waiting_Struct_Listener_v2.c(294,3): warning C4098: 'send_Random_SINRS_at_Episode_Start': 'void' function returning a value
C:\Users\rpamn\Documents\NetSim\Workspaces\Power_Control_workspace_31stJuly\src\Simulation\NetSim_Python_Interfacing\Waiting_Struct_Listener_v2.c(298,11): warning C4133: 'function': incompatible types - from 'char [7]' to 'FILE *const '
C:\Users\rpamn\Documents\NetSim\Workspaces\Power_Control_workspace_31stJuly\src\Simulation\NetSim_Python_Interfacing\Waiting_Struct_Listener_v2.c(300,3): warning C4098: 'send_Random_SINRS_at_Episode_Start': 'void' function returning a value
C:\Users\rpamn\Documents\NetSim\Workspaces\Power_Control_workspace_31stJuly\src\Simulation\NetSim_Python_Interfacing\Waiting_Struct_Listener_v2.c(304,11): warning C4133: 'function': incompatible types - from 'char [7]' to 'FILE *const '
C:\Users\rpamn\Documents\NetSim\Workspaces\Power_Control_workspace_31stJuly\src\Simulation\NetSim_Python_Interfacing\Waiting_Struct_Listener_v2.c(306,3): warning C4098: 'send_Random_SINRS_at_Episode_Start': 'void' function returning a value
C:\Users\rpamn\Documents\NetSim\Workspaces\Power_Control_workspace_31stJuly\src\Simulation\NetSim_Python_Interfacing\Waiting_Struct_Listener_v2.c(316,8): warning C4013: 'time' undefined; assuming extern returning int
C:\Users\rpamn\Documents\NetSim\Workspaces\Power_Control_workspace_31stJuly\src\Simulation\NetSim_Python_Interfacing\Waiting_Struct_Listener_v2.c(332,50): warning C4244: 'function': conversion from '__int64' to 'int', possible loss of data
C:\Users\rpamn\Documents\NetSim\Workspaces\Power_Control_workspace_31stJuly\src\Simulation\NetSim_Python_Interfacing\Waiting_Struct_Listener_v2.c(357,50): warning C4244: 'function': conversion from '__int64' to 'int', possible loss of data
C:\Users\rpamn\Documents\NetSim\Workspaces\Power_Control_workspace_31stJuly\src\Simulation\NetSim_Python_Interfacing\Waiting_Struct_Listener_v2.c(397,41): warning C4047: 'function': 'int' differs in levels of indirection from 'int *'
C:\Users\rpamn\Documents\NetSim\Workspaces\Power_Control_workspace_31stJuly\src\Simulation\NetSim_Python_Interfacing\Waiting_Struct_Listener_v2.c(397,41): warning C4024: 'serialize_int_value': different types for formal and actual parameter 2
C:\Users\rpamn\Documents\NetSim\Workspaces\Power_Control_workspace_31stJuly\src\Simulation\NetSim_Python_Interfacing\Waiting_Struct_Listener_v2.c(398,55): warning C4244: 'function': conversion from '__int64' to 'int', possible loss of data
C:\Users\rpamn\Documents\NetSim\Workspaces\Power_Control_workspace_31stJuly\src\Simulation\NetSim_Python_Interfacing\Waiting_Struct_Listener_v2.c(446,3): warning C4098: 'init_waiting_struct_socket1': 'void' function returning a value
C:\Users\rpamn\Documents\NetSim\Workspaces\Power_Control_workspace_31stJuly\src\Simulation\NetSim_Python_Interfacing\Waiting_Struct_Listener_v2.c(455,3): warning C4098: 'init_waiting_struct_socket1': 'void' function returning a value
C:\Users\rpamn\Documents\NetSim\Workspaces\Power_Control_workspace_31stJuly\src\Simulation\NetSim_Python_Interfacing\Waiting_Struct_Listener_v2.c(464,3): warning C4098: 'init_waiting_struct_socket1': 'void' function returning a value
     Creating library ..\lib_x64\NetSim_Python_Interfacing.lib and object ..\lib_x64\NetSim_Python_Interfacing.exp
  NetSim_Python_Interfacing.vcxproj -> C:\Users\rpamn\Documents\NetSim\Workspaces\Power_Control_workspace_31stJuly\bin_x64\NetSim_Python_Interfacing.dll
