c:\users\paul\documents\netsim\workspaces\pythoninterfacing_v1\src\simulation\netsim_server\x64\debug\vc143.pdb
c:\users\paul\documents\netsim\workspaces\pythoninterfacing_v1\src\simulation\netsim_server\x64\debug\vc143.idb
c:\users\paul\documents\netsim\workspaces\pythoninterfacing_v1\src\simulation\netsim_server\x64\debug\waiting_struct_listener_v2.obj
c:\users\paul\documents\netsim\workspaces\pythoninterfacing_v1\src\simulation\netsim_server\x64\debug\waiting_struct_listener.obj
c:\users\paul\documents\netsim\workspaces\pythoninterfacing_v1\src\simulation\netsim_server\x64\debug\struct_listener.obj
c:\users\paul\documents\netsim\workspaces\pythoninterfacing_v1\src\simulation\netsim_server\x64\debug\netsim_server_log.obj
c:\users\paul\documents\netsim\workspaces\pythoninterfacing_v1\src\simulation\netsim_server\x64\debug\listener.obj
c:\users\paul\documents\netsim\workspaces\pythoninterfacing_v1\bin_x64\netsim_server.dll
c:\users\paul\documents\netsim\workspaces\pythoninterfacing_v1\bin_x64\netsim_server.pdb
c:\users\paul\documents\netsim\workspaces\pythoninterfacing_v1\src\simulation\lib_x64\netsim_server.lib
c:\users\paul\documents\netsim\workspaces\pythoninterfacing_v1\src\simulation\lib_x64\netsim_server.exp
c:\users\paul\documents\netsim\workspaces\pythoninterfacing_v1\src\simulation\netsim_server\x64\debug\netsim_server.ilk
c:\users\paul\documents\netsim\workspaces\pythoninterfacing_v1\src\simulation\netsim_server\x64\debug\netsim_server.tlog\cl.command.1.tlog
c:\users\paul\documents\netsim\workspaces\pythoninterfacing_v1\src\simulation\netsim_server\x64\debug\netsim_server.tlog\cl.items.tlog
c:\users\paul\documents\netsim\workspaces\pythoninterfacing_v1\src\simulation\netsim_server\x64\debug\netsim_server.tlog\cl.read.1.tlog
c:\users\paul\documents\netsim\workspaces\pythoninterfacing_v1\src\simulation\netsim_server\x64\debug\netsim_server.tlog\cl.write.1.tlog
c:\users\paul\documents\netsim\workspaces\pythoninterfacing_v1\src\simulation\netsim_server\x64\debug\netsim_server.tlog\link.command.1.tlog
c:\users\paul\documents\netsim\workspaces\pythoninterfacing_v1\src\simulation\netsim_server\x64\debug\netsim_server.tlog\link.read.1.tlog
c:\users\paul\documents\netsim\workspaces\pythoninterfacing_v1\src\simulation\netsim_server\x64\debug\netsim_server.tlog\link.secondary.1.tlog
c:\users\paul\documents\netsim\workspaces\pythoninterfacing_v1\src\simulation\netsim_server\x64\debug\netsim_server.tlog\link.write.1.tlog
