d:\work_progress\july_work_2024\power_control\workspaces\power_control_workspace\src\simulation\netsim_python_interfacing\x64\debug\vc143.pdb
d:\work_progress\july_work_2024\power_control\workspaces\power_control_workspace\src\simulation\netsim_python_interfacing\x64\debug\vc143.idb
d:\work_progress\july_work_2024\power_control\workspaces\power_control_workspace\src\simulation\netsim_python_interfacing\x64\debug\waiting_struct_listener_v2.obj
d:\work_progress\july_work_2024\power_control\workspaces\power_control_workspace\src\simulation\netsim_python_interfacing\x64\debug\netsim_python_interfacing.ilk
d:\work_progress\july_work_2024\power_control\workspaces\power_control_workspace\bin_x64\netsim_python_interfacing.dll
d:\work_progress\july_work_2024\power_control\workspaces\power_control_workspace\bin_x64\netsim_python_interfacing.pdb
d:\work_progress\july_work_2024\power_control\workspaces\power_control_workspace\src\simulation\lib_x64\netsim_python_interfacing.lib
d:\work_progress\july_work_2024\power_control\workspaces\power_control_workspace\src\simulation\lib_x64\netsim_python_interfacing.exp
c:\users\rpamn\documents\netsim\workspaces\power_control_workspace_31stjuly\src\simulation\netsim_python_interfacing\x64\debug\waiting_struct_listener_v2.obj
c:\users\rpamn\documents\netsim\workspaces\power_control_workspace_31stjuly\src\simulation\netsim_python_interfacing\x64\debug\netsim_python_interfacing.ilk
c:\users\rpamn\documents\netsim\workspaces\power_control_workspace_31stjuly\src\simulation\netsim_python_interfacing\x64\debug\vc143.idb
c:\users\rpamn\documents\netsim\workspaces\power_control_workspace_31stjuly\src\simulation\netsim_python_interfacing\x64\debug\vc143.pdb
c:\users\rpamn\documents\netsim\workspaces\power_control_workspace_31stjuly\bin_x64\netsim_python_interfacing.dll
c:\users\rpamn\documents\netsim\workspaces\power_control_workspace_31stjuly\src\simulation\netsim_python_interfacing\x64\debug\netsim_p.335f865e.tlog\cl.command.1.tlog
c:\users\rpamn\documents\netsim\workspaces\power_control_workspace_31stjuly\src\simulation\netsim_python_interfacing\x64\debug\netsim_p.335f865e.tlog\cl.read.1.tlog
c:\users\rpamn\documents\netsim\workspaces\power_control_workspace_31stjuly\src\simulation\netsim_python_interfacing\x64\debug\netsim_p.335f865e.tlog\cl.write.1.tlog
c:\users\rpamn\documents\netsim\workspaces\power_control_workspace_31stjuly\src\simulation\netsim_python_interfacing\x64\debug\netsim_p.335f865e.tlog\link.command.1.tlog
c:\users\rpamn\documents\netsim\workspaces\power_control_workspace_31stjuly\src\simulation\netsim_python_interfacing\x64\debug\netsim_p.335f865e.tlog\link.read.1.tlog
c:\users\rpamn\documents\netsim\workspaces\power_control_workspace_31stjuly\src\simulation\netsim_python_interfacing\x64\debug\netsim_p.335f865e.tlog\link.write.1.tlog
c:\users\rpamn\documents\netsim\workspaces\power_control_workspace_31stjuly\src\simulation\netsim_python_interfacing\x64\debug\netsim_p.335f865e.tlog\link.write.2u.tlog
