c:\users\mihit\documents\netsim\workspaces\5g_tx_power_control_rl\src\simulation\lte_nr\x64\release\vc143.pdb
c:\users\mihit\documents\netsim\workspaces\5g_tx_power_control_rl\src\simulation\lte_nr\x64\release\vc143.idb
c:\users\mihit\documents\netsim\workspaces\5g_tx_power_control_rl\src\simulation\lte_nr\x64\release\ltenr_olla.obj
c:\users\mihit\documents\netsim\workspaces\5g_tx_power_control_rl\src\simulation\lte_nr\x64\release\ltenr_nsa.obj
c:\users\mihit\documents\netsim\workspaces\5g_tx_power_control_rl\src\simulation\lte_nr\x64\release\ltenr_networkslicing.obj
c:\users\mihit\documents\netsim\workspaces\5g_tx_power_control_rl\src\simulation\lte_nr\x64\release\ltenr_nas.obj
c:\users\mihit\documents\netsim\workspaces\5g_tx_power_control_rl\src\simulation\lte_nr\x64\release\ltenr_mac.obj
c:\users\mihit\documents\netsim\workspaces\5g_tx_power_control_rl\src\simulation\lte_nr\x64\release\ltenr_interference.obj
c:\users\mihit\documents\netsim\workspaces\5g_tx_power_control_rl\src\simulation\lte_nr\x64\release\ltenr_harq.obj
c:\users\mihit\documents\netsim\workspaces\5g_tx_power_control_rl\src\simulation\lte_nr\x64\release\ltenr_handover.obj
c:\users\mihit\documents\netsim\workspaces\5g_tx_power_control_rl\src\simulation\lte_nr\x64\release\ltenr_gtpu.obj
c:\users\mihit\documents\netsim\workspaces\5g_tx_power_control_rl\src\simulation\lte_nr\x64\release\ltenr_gtpc.obj
c:\users\mihit\documents\netsim\workspaces\5g_tx_power_control_rl\src\simulation\lte_nr\x64\release\ltenr_gnb_upf_data_plane.obj
c:\users\mihit\documents\netsim\workspaces\5g_tx_power_control_rl\src\simulation\lte_nr\x64\release\ltenr_gnb_core.obj
c:\users\mihit\documents\netsim\workspaces\5g_tx_power_control_rl\src\simulation\lte_nr\x64\release\ltenr_gnbrrc.obj
c:\users\mihit\documents\netsim\workspaces\5g_tx_power_control_rl\src\simulation\lte_nr\x64\release\ltenr_epsbearer.obj
c:\users\mihit\documents\netsim\workspaces\5g_tx_power_control_rl\src\simulation\lte_nr\x64\release\ltenr_epc.obj
c:\users\mihit\documents\netsim\workspaces\5g_tx_power_control_rl\src\simulation\lte_nr\x64\release\ltenr_codeblocksegmentation.obj
c:\users\mihit\documents\netsim\workspaces\5g_tx_power_control_rl\src\simulation\lte_nr\x64\release\ltenr_association.obj
c:\users\mihit\documents\netsim\workspaces\5g_tx_power_control_rl\src\simulation\lte_nr\x64\release\ltenr_antennamodel.obj
c:\users\mihit\documents\netsim\workspaces\5g_tx_power_control_rl\src\simulation\lte_nr\x64\release\ltenr_amf.obj
c:\users\mihit\documents\netsim\workspaces\5g_tx_power_control_rl\src\simulation\lte_nr\x64\release\ltenr_amctable.obj
c:\users\mihit\documents\netsim\workspaces\5g_tx_power_control_rl\src\simulation\lte_nr\x64\release\matlablossmodel.obj
c:\users\mihit\documents\netsim\workspaces\5g_tx_power_control_rl\src\simulation\lte_nr\x64\release\lte_nr.obj
c:\users\mihit\documents\netsim\workspaces\5g_tx_power_control_rl\src\simulation\lte_nr\x64\release\ltenr_spectrum.obj
c:\users\mihit\documents\netsim\workspaces\5g_tx_power_control_rl\src\simulation\lte_nr\x64\release\ltenr_sn_handover.obj
c:\users\mihit\documents\netsim\workspaces\5g_tx_power_control_rl\src\simulation\lte_nr\x64\release\ltenr_smf_upf.obj
c:\users\mihit\documents\netsim\workspaces\5g_tx_power_control_rl\src\simulation\lte_nr\x64\release\ltenr_sdap.obj
c:\users\mihit\documents\netsim\workspaces\5g_tx_power_control_rl\src\simulation\lte_nr\x64\release\ltenr_rrc.obj
c:\users\mihit\documents\netsim\workspaces\5g_tx_power_control_rl\src\simulation\lte_nr\x64\release\ltenr_rlc_um.obj
c:\users\mihit\documents\netsim\workspaces\5g_tx_power_control_rl\src\simulation\lte_nr\x64\release\ltenr_rlc_am.obj
c:\users\mihit\documents\netsim\workspaces\5g_tx_power_control_rl\src\simulation\lte_nr\x64\release\ltenr_rlcmsg.obj
c:\users\mihit\documents\netsim\workspaces\5g_tx_power_control_rl\src\simulation\lte_nr\x64\release\ltenr_rlcbuffer.obj
c:\users\mihit\documents\netsim\workspaces\5g_tx_power_control_rl\src\simulation\lte_nr\x64\release\ltenr_rlc.obj
c:\users\mihit\documents\netsim\workspaces\5g_tx_power_control_rl\src\simulation\lte_nr\x64\release\ltenr_radiomeasurements.obj
c:\users\mihit\documents\netsim\workspaces\5g_tx_power_control_rl\src\simulation\lte_nr\x64\release\ltenr_pythoninterface.obj
c:\users\mihit\documents\netsim\workspaces\5g_tx_power_control_rl\src\simulation\lte_nr\x64\release\ltenr_propagationmodel.obj
c:\users\mihit\documents\netsim\workspaces\5g_tx_power_control_rl\src\simulation\lte_nr\x64\release\ltenr_prb.obj
c:\users\mihit\documents\netsim\workspaces\5g_tx_power_control_rl\src\simulation\lte_nr\x64\release\ltenr_phy.obj
c:\users\mihit\documents\netsim\workspaces\5g_tx_power_control_rl\src\simulation\lte_nr\x64\release\ltenr_pdcp.obj
c:\users\mihit\documents\netsim\workspaces\5g_tx_power_control_rl\bin_x64\liblte_nr.dll
c:\users\mihit\documents\netsim\workspaces\5g_tx_power_control_rl\bin_x64\lte_nr.pdb
c:\users\mihit\documents\netsim\workspaces\5g_tx_power_control_rl\bin_x64\lte_nr.lib
c:\users\mihit\documents\netsim\workspaces\5g_tx_power_control_rl\bin_x64\lte_nr.exp
c:\users\mihit\documents\netsim\workspaces\5g_tx_power_control_rl\src\simulation\lte_nr\x64\release\lte_nr.tlog\cl.command.1.tlog
c:\users\mihit\documents\netsim\workspaces\5g_tx_power_control_rl\src\simulation\lte_nr\x64\release\lte_nr.tlog\cl.items.tlog
c:\users\mihit\documents\netsim\workspaces\5g_tx_power_control_rl\src\simulation\lte_nr\x64\release\lte_nr.tlog\cl.read.1.tlog
c:\users\mihit\documents\netsim\workspaces\5g_tx_power_control_rl\src\simulation\lte_nr\x64\release\lte_nr.tlog\cl.write.1.tlog
c:\users\mihit\documents\netsim\workspaces\5g_tx_power_control_rl\src\simulation\lte_nr\x64\release\lte_nr.tlog\link.command.1.tlog
c:\users\mihit\documents\netsim\workspaces\5g_tx_power_control_rl\src\simulation\lte_nr\x64\release\lte_nr.tlog\link.read.1.tlog
c:\users\mihit\documents\netsim\workspaces\5g_tx_power_control_rl\src\simulation\lte_nr\x64\release\lte_nr.tlog\link.secondary.1.tlog
c:\users\mihit\documents\netsim\workspaces\5g_tx_power_control_rl\src\simulation\lte_nr\x64\release\lte_nr.tlog\link.write.1.tlog
